<?xml version="1.0" encoding="UTF-8"?>
<testsuite xmlns:xsi="http://www.w3.org/2001/XMLSchema-instance" xsi:noNamespaceSchemaLocation="https://maven.apache.org/surefire/maven-surefire-plugin/xsd/surefire-test-report-3.0.xsd" version="3.0" name="MyServiceTest" time="0.858" tests="7" errors="0" skipped="0" failures="0">
  <properties>
[...]
</properties>
  <testcase name="testVoidMethod" classname="MyServiceTest" time="0.808">
    <system-err><![CDATA[WARNING: A Java agent has been loaded dynamically (C:\Users\SANTOSH\.m2\repository\net\bytebuddy\byte-buddy-agent\1.14.1\byte-buddy-agent-1.14.1.jar)
WARNING: If a serviceability tool is in use, please run with -XX:+EnableDynamicAgentLoading to hide this warning
WARNING: If a serviceability tool is not in use, please run with -Djdk.instrument.traceUsage for more information
WARNING: Dynamic loading of agents will be disallowed by default in a future release
]]></system-err>
  </testcase>
  <testcase name="testExternalApi" classname="MyServiceTest" time="0.008"/>
  <testcase name="testMultipleReturns" classname="MyServiceTest" time="0.002"/>
  <testcase name="testVerifyInteraction" classname="MyServiceTest" time="0.001"/>
  <testcase name="testVoidMethodThrowsException" classname="MyServiceTest" time="0.005"/>
  <testcase name="testInteractionOrder" classname="MyServiceTest" time="0.004"/>
  <testcase name="testArgumentMatching" classname="MyServiceTest" time="0.001"/>
</testsuite>